[2020-08-12 08:16:43] local.ERROR: SQLSTATE[HY000] [1049] Unknown database 'enterprise_pan' (SQL: select * from information_schema.tables where table_schema = enterprise_pan and table_name = migrations and table_type = 'BASE TABLE') {"exception":"[object] (Illuminate\\Database\\QueryException(code: 1049): SQLSTATE[HY000] [1049] Unknown database 'enterprise_pan' (SQL: select * from information_schema.tables where table_schema = enterprise_pan and table_name = migrations and table_type = 'BASE TABLE') at C:\\xampp\\htdocs\\GKSys\\vendor\\laravel\\framework\\src\\Illuminate\\Database\\Connection.php:671)
[stacktrace]
#0 C:\\xampp\\htdocs\\GKSys\\vendor\\laravel\\framework\\src\\Illuminate\\Database\\Connection.php(631): Illuminate\\Database\\Connection->runQueryCallback()
#1 C:\\xampp\\htdocs\\GKSys\\vendor\\laravel\\framework\\src\\Illuminate\\Database\\Connection.php(339): Illuminate\\Database\\Connection->run()
#2 C:\\xampp\\htdocs\\GKSys\\vendor\\laravel\\framework\\src\\Illuminate\\Database\\Schema\\MySqlBuilder.php(18): Illuminate\\Database\\Connection->select()
#3 C:\\xampp\\htdocs\\GKSys\\vendor\\laravel\\framework\\src\\Illuminate\\Database\\Migrations\\DatabaseMigrationRepository.php(169): Illuminate\\Database\\Schema\\MySqlBuilder->hasTable()
#4 C:\\xampp\\htdocs\\GKSys\\vendor\\laravel\\framework\\src\\Illuminate\\Database\\Migrations\\Migrator.php(608): Illuminate\\Database\\Migrations\\DatabaseMigrationRepository->repositoryExists()
#5 C:\\xampp\\htdocs\\GKSys\\vendor\\laravel\\framework\\src\\Illuminate\\Database\\Console\\Migrations\\MigrateCommand.php(93): Illuminate\\Database\\Migrations\\Migrator->repositoryExists()
#6 C:\\xampp\\htdocs\\GKSys\\vendor\\laravel\\framework\\src\\Illuminate\\Database\\Console\\Migrations\\MigrateCommand.php(64): Illuminate\\Database\\Console\\Migrations\\MigrateCommand->prepareDatabase()
#7 C:\\xampp\\htdocs\\GKSys\\vendor\\laravel\\framework\\src\\Illuminate\\Database\\Migrations\\Migrator.php(541): Illuminate\\Database\\Console\\Migrations\\MigrateCommand->Illuminate\\Database\\Console\\Migrations\\{closure}()
#8 C:\\xampp\\htdocs\\GKSys\\vendor\\laravel\\framework\\src\\Illuminate\\Database\\Console\\Migrations\\MigrateCommand.php(81): Illuminate\\Database\\Migrations\\Migrator->usingConnection()
#9 [internal function]: Illuminate\\Database\\Console\\Migrations\\MigrateCommand->handle()
#10 C:\\xampp\\htdocs\\GKSys\\vendor\\laravel\\framework\\src\\Illuminate\\Container\\BoundMethod.php(37): call_user_func_array()
#11 C:\\xampp\\htdocs\\GKSys\\vendor\\laravel\\framework\\src\\Illuminate\\Container\\Util.php(37): Illuminate\\Container\\BoundMethod::Illuminate\\Container\\{closure}()
#12 C:\\xampp\\htdocs\\GKSys\\vendor\\laravel\\framework\\src\\Illuminate\\Container\\BoundMethod.php(95): Illuminate\\Container\\Util::unwrapIfClosure()
#13 C:\\xampp\\htdocs\\GKSys\\vendor\\laravel\\framework\\src\\Illuminate\\Container\\BoundMethod.php(39): Illuminate\\Container\\BoundMethod::callBoundMethod()
#14 C:\\xampp\\htdocs\\GKSys\\vendor\\laravel\\framework\\src\\Illuminate\\Container\\Container.php(596): Illuminate\\Container\\BoundMethod::call()
#15 C:\\xampp\\htdocs\\GKSys\\vendor\\laravel\\framework\\src\\Illuminate\\Console\\Command.php(134): Illuminate\\Container\\Container->call()
#16 C:\\xampp\\htdocs\\GKSys\\vendor\\symfony\\console\\Command\\Command.php(258): Illuminate\\Console\\Command->execute()
#17 C:\\xampp\\htdocs\\GKSys\\vendor\\laravel\\framework\\src\\Illuminate\\Console\\Command.php(121): Symfony\\Component\\Console\\Command\\Command->run()
#18 C:\\xampp\\htdocs\\GKSys\\vendor\\symfony\\console\\Application.php(911): Illuminate\\Console\\Command->run()
#19 C:\\xampp\\htdocs\\GKSys\\vendor\\symfony\\console\\Application.php(264): Symfony\\Component\\Console\\Application->doRunCommand()
#20 C:\\xampp\\htdocs\\GKSys\\vendor\\symfony\\console\\Application.php(140): Symfony\\Component\\Console\\Application->doRun()
#21 C:\\xampp\\htdocs\\GKSys\\vendor\\laravel\\framework\\src\\Illuminate\\Console\\Application.php(93): Symfony\\Component\\Console\\Application->run()
#22 C:\\xampp\\htdocs\\GKSys\\vendor\\laravel\\framework\\src\\Illuminate\\Foundation\\Console\\Kernel.php(129): Illuminate\\Console\\Application->run()
#23 C:\\xampp\\htdocs\\GKSys\\artisan(37): Illuminate\\Foundation\\Console\\Kernel->handle()
#24 {main}

[previous exception] [object] (PDOException(code: 1049): SQLSTATE[HY000] [1049] Unknown database 'enterprise_pan' at C:\\xampp\\htdocs\\GKSys\\vendor\\laravel\\framework\\src\\Illuminate\\Database\\Connectors\\Connector.php:70)
[stacktrace]
#0 C:\\xampp\\htdocs\\GKSys\\vendor\\laravel\\framework\\src\\Illuminate\\Database\\Connectors\\Connector.php(70): PDO->__construct()
#1 C:\\xampp\\htdocs\\GKSys\\vendor\\laravel\\framework\\src\\Illuminate\\Database\\Connectors\\Connector.php(46): Illuminate\\Database\\Connectors\\Connector->createPdoConnection()
#2 C:\\xampp\\htdocs\\GKSys\\vendor\\laravel\\framework\\src\\Illuminate\\Database\\Connectors\\MySqlConnector.php(24): Illuminate\\Database\\Connectors\\Connector->createConnection()
#3 C:\\xampp\\htdocs\\GKSys\\vendor\\laravel\\framework\\src\\Illuminate\\Database\\Connectors\\ConnectionFactory.php(184): Illuminate\\Database\\Connectors\\MySqlConnector->connect()
#4 [internal function]: Illuminate\\Database\\Connectors\\ConnectionFactory->Illuminate\\Database\\Connectors\\{closure}()
#5 C:\\xampp\\htdocs\\GKSys\\vendor\\laravel\\framework\\src\\Illuminate\\Database\\Connection.php(926): call_user_func()
#6 C:\\xampp\\htdocs\\GKSys\\vendor\\laravel\\framework\\src\\Illuminate\\Database\\Connection.php(961): Illuminate\\Database\\Connection->getPdo()
#7 C:\\xampp\\htdocs\\GKSys\\vendor\\laravel\\framework\\src\\Illuminate\\Database\\Connection.php(405): Illuminate\\Database\\Connection->getReadPdo()
#8 C:\\xampp\\htdocs\\GKSys\\vendor\\laravel\\framework\\src\\Illuminate\\Database\\Connection.php(331): Illuminate\\Database\\Connection->getPdoForSelect()
#9 C:\\xampp\\htdocs\\GKSys\\vendor\\laravel\\framework\\src\\Illuminate\\Database\\Connection.php(664): Illuminate\\Database\\Connection->Illuminate\\Database\\{closure}()
#10 C:\\xampp\\htdocs\\GKSys\\vendor\\laravel\\framework\\src\\Illuminate\\Database\\Connection.php(631): Illuminate\\Database\\Connection->runQueryCallback()
#11 C:\\xampp\\htdocs\\GKSys\\vendor\\laravel\\framework\\src\\Illuminate\\Database\\Connection.php(339): Illuminate\\Database\\Connection->run()
#12 C:\\xampp\\htdocs\\GKSys\\vendor\\laravel\\framework\\src\\Illuminate\\Database\\Schema\\MySqlBuilder.php(18): Illuminate\\Database\\Connection->select()
#13 C:\\xampp\\htdocs\\GKSys\\vendor\\laravel\\framework\\src\\Illuminate\\Database\\Migrations\\DatabaseMigrationRepository.php(169): Illuminate\\Database\\Schema\\MySqlBuilder->hasTable()
#14 C:\\xampp\\htdocs\\GKSys\\vendor\\laravel\\framework\\src\\Illuminate\\Database\\Migrations\\Migrator.php(608): Illuminate\\Database\\Migrations\\DatabaseMigrationRepository->repositoryExists()
#15 C:\\xampp\\htdocs\\GKSys\\vendor\\laravel\\framework\\src\\Illuminate\\Database\\Console\\Migrations\\MigrateCommand.php(93): Illuminate\\Database\\Migrations\\Migrator->repositoryExists()
#16 C:\\xampp\\htdocs\\GKSys\\vendor\\laravel\\framework\\src\\Illuminate\\Database\\Console\\Migrations\\MigrateCommand.php(64): Illuminate\\Database\\Console\\Migrations\\MigrateCommand->prepareDatabase()
#17 C:\\xampp\\htdocs\\GKSys\\vendor\\laravel\\framework\\src\\Illuminate\\Database\\Migrations\\Migrator.php(541): Illuminate\\Database\\Console\\Migrations\\MigrateCommand->Illuminate\\Database\\Console\\Migrations\\{closure}()
#18 C:\\xampp\\htdocs\\GKSys\\vendor\\laravel\\framework\\src\\Illuminate\\Database\\Console\\Migrations\\MigrateCommand.php(81): Illuminate\\Database\\Migrations\\Migrator->usingConnection()
#19 [internal function]: Illuminate\\Database\\Console\\Migrations\\MigrateCommand->handle()
#20 C:\\xampp\\htdocs\\GKSys\\vendor\\laravel\\framework\\src\\Illuminate\\Container\\BoundMethod.php(37): call_user_func_array()
#21 C:\\xampp\\htdocs\\GKSys\\vendor\\laravel\\framework\\src\\Illuminate\\Container\\Util.php(37): Illuminate\\Container\\BoundMethod::Illuminate\\Container\\{closure}()
#22 C:\\xampp\\htdocs\\GKSys\\vendor\\laravel\\framework\\src\\Illuminate\\Container\\BoundMethod.php(95): Illuminate\\Container\\Util::unwrapIfClosure()
#23 C:\\xampp\\htdocs\\GKSys\\vendor\\laravel\\framework\\src\\Illuminate\\Container\\BoundMethod.php(39): Illuminate\\Container\\BoundMethod::callBoundMethod()
#24 C:\\xampp\\htdocs\\GKSys\\vendor\\laravel\\framework\\src\\Illuminate\\Container\\Container.php(596): Illuminate\\Container\\BoundMethod::call()
#25 C:\\xampp\\htdocs\\GKSys\\vendor\\laravel\\framework\\src\\Illuminate\\Console\\Command.php(134): Illuminate\\Container\\Container->call()
#26 C:\\xampp\\htdocs\\GKSys\\vendor\\symfony\\console\\Command\\Command.php(258): Illuminate\\Console\\Command->execute()
#27 C:\\xampp\\htdocs\\GKSys\\vendor\\laravel\\framework\\src\\Illuminate\\Console\\Command.php(121): Symfony\\Component\\Console\\Command\\Command->run()
#28 C:\\xampp\\htdocs\\GKSys\\vendor\\symfony\\console\\Application.php(911): Illuminate\\Console\\Command->run()
#29 C:\\xampp\\htdocs\\GKSys\\vendor\\symfony\\console\\Application.php(264): Symfony\\Component\\Console\\Application->doRunCommand()
#30 C:\\xampp\\htdocs\\GKSys\\vendor\\symfony\\console\\Application.php(140): Symfony\\Component\\Console\\Application->doRun()
#31 C:\\xampp\\htdocs\\GKSys\\vendor\\laravel\\framework\\src\\Illuminate\\Console\\Application.php(93): Symfony\\Component\\Console\\Application->run()
#32 C:\\xampp\\htdocs\\GKSys\\vendor\\laravel\\framework\\src\\Illuminate\\Foundation\\Console\\Kernel.php(129): Illuminate\\Console\\Application->run()
#33 C:\\xampp\\htdocs\\GKSys\\artisan(37): Illuminate\\Foundation\\Console\\Kernel->handle()
#34 {main}
"} 
[2020-08-12 08:17:28] local.ERROR: SQLSTATE[HY000] [1049] Unknown database 'enterprise_pan' (SQL: select * from information_schema.tables where table_schema = enterprise_pan and table_name = migrations and table_type = 'BASE TABLE') {"exception":"[object] (Illuminate\\Database\\QueryException(code: 1049): SQLSTATE[HY000] [1049] Unknown database 'enterprise_pan' (SQL: select * from information_schema.tables where table_schema = enterprise_pan and table_name = migrations and table_type = 'BASE TABLE') at C:\\xampp\\htdocs\\GKSys\\vendor\\laravel\\framework\\src\\Illuminate\\Database\\Connection.php:671)
[stacktrace]
#0 C:\\xampp\\htdocs\\GKSys\\vendor\\laravel\\framework\\src\\Illuminate\\Database\\Connection.php(631): Illuminate\\Database\\Connection->runQueryCallback()
#1 C:\\xampp\\htdocs\\GKSys\\vendor\\laravel\\framework\\src\\Illuminate\\Database\\Connection.php(339): Illuminate\\Database\\Connection->run()
#2 C:\\xampp\\htdocs\\GKSys\\vendor\\laravel\\framework\\src\\Illuminate\\Database\\Schema\\MySqlBuilder.php(18): Illuminate\\Database\\Connection->select()
#3 C:\\xampp\\htdocs\\GKSys\\vendor\\laravel\\framework\\src\\Illuminate\\Database\\Migrations\\DatabaseMigrationRepository.php(169): Illuminate\\Database\\Schema\\MySqlBuilder->hasTable()
#4 C:\\xampp\\htdocs\\GKSys\\vendor\\laravel\\framework\\src\\Illuminate\\Database\\Migrations\\Migrator.php(608): Illuminate\\Database\\Migrations\\DatabaseMigrationRepository->repositoryExists()
#5 C:\\xampp\\htdocs\\GKSys\\vendor\\laravel\\framework\\src\\Illuminate\\Database\\Console\\Migrations\\MigrateCommand.php(93): Illuminate\\Database\\Migrations\\Migrator->repositoryExists()
#6 C:\\xampp\\htdocs\\GKSys\\vendor\\laravel\\framework\\src\\Illuminate\\Database\\Console\\Migrations\\MigrateCommand.php(64): Illuminate\\Database\\Console\\Migrations\\MigrateCommand->prepareDatabase()
#7 C:\\xampp\\htdocs\\GKSys\\vendor\\laravel\\framework\\src\\Illuminate\\Database\\Migrations\\Migrator.php(541): Illuminate\\Database\\Console\\Migrations\\MigrateCommand->Illuminate\\Database\\Console\\Migrations\\{closure}()
#8 C:\\xampp\\htdocs\\GKSys\\vendor\\laravel\\framework\\src\\Illuminate\\Database\\Console\\Migrations\\MigrateCommand.php(81): Illuminate\\Database\\Migrations\\Migrator->usingConnection()
#9 [internal function]: Illuminate\\Database\\Console\\Migrations\\MigrateCommand->handle()
#10 C:\\xampp\\htdocs\\GKSys\\vendor\\laravel\\framework\\src\\Illuminate\\Container\\BoundMethod.php(37): call_user_func_array()
#11 C:\\xampp\\htdocs\\GKSys\\vendor\\laravel\\framework\\src\\Illuminate\\Container\\Util.php(37): Illuminate\\Container\\BoundMethod::Illuminate\\Container\\{closure}()
#12 C:\\xampp\\htdocs\\GKSys\\vendor\\laravel\\framework\\src\\Illuminate\\Container\\BoundMethod.php(95): Illuminate\\Container\\Util::unwrapIfClosure()
#13 C:\\xampp\\htdocs\\GKSys\\vendor\\laravel\\framework\\src\\Illuminate\\Container\\BoundMethod.php(39): Illuminate\\Container\\BoundMethod::callBoundMethod()
#14 C:\\xampp\\htdocs\\GKSys\\vendor\\laravel\\framework\\src\\Illuminate\\Container\\Container.php(596): Illuminate\\Container\\BoundMethod::call()
#15 C:\\xampp\\htdocs\\GKSys\\vendor\\laravel\\framework\\src\\Illuminate\\Console\\Command.php(134): Illuminate\\Container\\Container->call()
#16 C:\\xampp\\htdocs\\GKSys\\vendor\\symfony\\console\\Command\\Command.php(258): Illuminate\\Console\\Command->execute()
#17 C:\\xampp\\htdocs\\GKSys\\vendor\\laravel\\framework\\src\\Illuminate\\Console\\Command.php(121): Symfony\\Component\\Console\\Command\\Command->run()
#18 C:\\xampp\\htdocs\\GKSys\\vendor\\symfony\\console\\Application.php(911): Illuminate\\Console\\Command->run()
#19 C:\\xampp\\htdocs\\GKSys\\vendor\\symfony\\console\\Application.php(264): Symfony\\Component\\Console\\Application->doRunCommand()
#20 C:\\xampp\\htdocs\\GKSys\\vendor\\symfony\\console\\Application.php(140): Symfony\\Component\\Console\\Application->doRun()
#21 C:\\xampp\\htdocs\\GKSys\\vendor\\laravel\\framework\\src\\Illuminate\\Console\\Application.php(93): Symfony\\Component\\Console\\Application->run()
#22 C:\\xampp\\htdocs\\GKSys\\vendor\\laravel\\framework\\src\\Illuminate\\Foundation\\Console\\Kernel.php(129): Illuminate\\Console\\Application->run()
#23 C:\\xampp\\htdocs\\GKSys\\artisan(37): Illuminate\\Foundation\\Console\\Kernel->handle()
#24 {main}

[previous exception] [object] (PDOException(code: 1049): SQLSTATE[HY000] [1049] Unknown database 'enterprise_pan' at C:\\xampp\\htdocs\\GKSys\\vendor\\laravel\\framework\\src\\Illuminate\\Database\\Connectors\\Connector.php:70)
[stacktrace]
#0 C:\\xampp\\htdocs\\GKSys\\vendor\\laravel\\framework\\src\\Illuminate\\Database\\Connectors\\Connector.php(70): PDO->__construct()
#1 C:\\xampp\\htdocs\\GKSys\\vendor\\laravel\\framework\\src\\Illuminate\\Database\\Connectors\\Connector.php(46): Illuminate\\Database\\Connectors\\Connector->createPdoConnection()
#2 C:\\xampp\\htdocs\\GKSys\\vendor\\laravel\\framework\\src\\Illuminate\\Database\\Connectors\\MySqlConnector.php(24): Illuminate\\Database\\Connectors\\Connector->createConnection()
#3 C:\\xampp\\htdocs\\GKSys\\vendor\\laravel\\framework\\src\\Illuminate\\Database\\Connectors\\ConnectionFactory.php(184): Illuminate\\Database\\Connectors\\MySqlConnector->connect()
#4 [internal function]: Illuminate\\Database\\Connectors\\ConnectionFactory->Illuminate\\Database\\Connectors\\{closure}()
#5 C:\\xampp\\htdocs\\GKSys\\vendor\\laravel\\framework\\src\\Illuminate\\Database\\Connection.php(926): call_user_func()
#6 C:\\xampp\\htdocs\\GKSys\\vendor\\laravel\\framework\\src\\Illuminate\\Database\\Connection.php(961): Illuminate\\Database\\Connection->getPdo()
#7 C:\\xampp\\htdocs\\GKSys\\vendor\\laravel\\framework\\src\\Illuminate\\Database\\Connection.php(405): Illuminate\\Database\\Connection->getReadPdo()
#8 C:\\xampp\\htdocs\\GKSys\\vendor\\laravel\\framework\\src\\Illuminate\\Database\\Connection.php(331): Illuminate\\Database\\Connection->getPdoForSelect()
#9 C:\\xampp\\htdocs\\GKSys\\vendor\\laravel\\framework\\src\\Illuminate\\Database\\Connection.php(664): Illuminate\\Database\\Connection->Illuminate\\Database\\{closure}()
#10 C:\\xampp\\htdocs\\GKSys\\vendor\\laravel\\framework\\src\\Illuminate\\Database\\Connection.php(631): Illuminate\\Database\\Connection->runQueryCallback()
#11 C:\\xampp\\htdocs\\GKSys\\vendor\\laravel\\framework\\src\\Illuminate\\Database\\Connection.php(339): Illuminate\\Database\\Connection->run()
#12 C:\\xampp\\htdocs\\GKSys\\vendor\\laravel\\framework\\src\\Illuminate\\Database\\Schema\\MySqlBuilder.php(18): Illuminate\\Database\\Connection->select()
#13 C:\\xampp\\htdocs\\GKSys\\vendor\\laravel\\framework\\src\\Illuminate\\Database\\Migrations\\DatabaseMigrationRepository.php(169): Illuminate\\Database\\Schema\\MySqlBuilder->hasTable()
#14 C:\\xampp\\htdocs\\GKSys\\vendor\\laravel\\framework\\src\\Illuminate\\Database\\Migrations\\Migrator.php(608): Illuminate\\Database\\Migrations\\DatabaseMigrationRepository->repositoryExists()
#15 C:\\xampp\\htdocs\\GKSys\\vendor\\laravel\\framework\\src\\Illuminate\\Database\\Console\\Migrations\\MigrateCommand.php(93): Illuminate\\Database\\Migrations\\Migrator->repositoryExists()
#16 C:\\xampp\\htdocs\\GKSys\\vendor\\laravel\\framework\\src\\Illuminate\\Database\\Console\\Migrations\\MigrateCommand.php(64): Illuminate\\Database\\Console\\Migrations\\MigrateCommand->prepareDatabase()
#17 C:\\xampp\\htdocs\\GKSys\\vendor\\laravel\\framework\\src\\Illuminate\\Database\\Migrations\\Migrator.php(541): Illuminate\\Database\\Console\\Migrations\\MigrateCommand->Illuminate\\Database\\Console\\Migrations\\{closure}()
#18 C:\\xampp\\htdocs\\GKSys\\vendor\\laravel\\framework\\src\\Illuminate\\Database\\Console\\Migrations\\MigrateCommand.php(81): Illuminate\\Database\\Migrations\\Migrator->usingConnection()
#19 [internal function]: Illuminate\\Database\\Console\\Migrations\\MigrateCommand->handle()
#20 C:\\xampp\\htdocs\\GKSys\\vendor\\laravel\\framework\\src\\Illuminate\\Container\\BoundMethod.php(37): call_user_func_array()
#21 C:\\xampp\\htdocs\\GKSys\\vendor\\laravel\\framework\\src\\Illuminate\\Container\\Util.php(37): Illuminate\\Container\\BoundMethod::Illuminate\\Container\\{closure}()
#22 C:\\xampp\\htdocs\\GKSys\\vendor\\laravel\\framework\\src\\Illuminate\\Container\\BoundMethod.php(95): Illuminate\\Container\\Util::unwrapIfClosure()
#23 C:\\xampp\\htdocs\\GKSys\\vendor\\laravel\\framework\\src\\Illuminate\\Container\\BoundMethod.php(39): Illuminate\\Container\\BoundMethod::callBoundMethod()
#24 C:\\xampp\\htdocs\\GKSys\\vendor\\laravel\\framework\\src\\Illuminate\\Container\\Container.php(596): Illuminate\\Container\\BoundMethod::call()
#25 C:\\xampp\\htdocs\\GKSys\\vendor\\laravel\\framework\\src\\Illuminate\\Console\\Command.php(134): Illuminate\\Container\\Container->call()
#26 C:\\xampp\\htdocs\\GKSys\\vendor\\symfony\\console\\Command\\Command.php(258): Illuminate\\Console\\Command->execute()
#27 C:\\xampp\\htdocs\\GKSys\\vendor\\laravel\\framework\\src\\Illuminate\\Console\\Command.php(121): Symfony\\Component\\Console\\Command\\Command->run()
#28 C:\\xampp\\htdocs\\GKSys\\vendor\\symfony\\console\\Application.php(911): Illuminate\\Console\\Command->run()
#29 C:\\xampp\\htdocs\\GKSys\\vendor\\symfony\\console\\Application.php(264): Symfony\\Component\\Console\\Application->doRunCommand()
#30 C:\\xampp\\htdocs\\GKSys\\vendor\\symfony\\console\\Application.php(140): Symfony\\Component\\Console\\Application->doRun()
#31 C:\\xampp\\htdocs\\GKSys\\vendor\\laravel\\framework\\src\\Illuminate\\Console\\Application.php(93): Symfony\\Component\\Console\\Application->run()
#32 C:\\xampp\\htdocs\\GKSys\\vendor\\laravel\\framework\\src\\Illuminate\\Foundation\\Console\\Kernel.php(129): Illuminate\\Console\\Application->run()
#33 C:\\xampp\\htdocs\\GKSys\\artisan(37): Illuminate\\Foundation\\Console\\Kernel->handle()
#34 {main}
"} 
[2020-08-12 09:46:15] local.ERROR: The "-o" option does not exist. {"exception":"[object] (Symfony\\Component\\Console\\Exception\\RuntimeException(code: 0): The \"-o\" option does not exist. at C:\\xampp\\htdocs\\GKSys\\vendor\\symfony\\console\\Input\\ArgvInput.php:117)
[stacktrace]
#0 C:\\xampp\\htdocs\\GKSys\\vendor\\symfony\\console\\Input\\ArgvInput.php(99): Symfony\\Component\\Console\\Input\\ArgvInput->parseShortOptionSet()
#1 C:\\xampp\\htdocs\\GKSys\\vendor\\symfony\\console\\Input\\ArgvInput.php(80): Symfony\\Component\\Console\\Input\\ArgvInput->parseShortOption()
#2 C:\\xampp\\htdocs\\GKSys\\vendor\\symfony\\console\\Input\\Input.php(55): Symfony\\Component\\Console\\Input\\ArgvInput->parse()
#3 C:\\xampp\\htdocs\\GKSys\\vendor\\symfony\\console\\Command\\Command.php(217): Symfony\\Component\\Console\\Input\\Input->bind()
#4 C:\\xampp\\htdocs\\GKSys\\vendor\\laravel\\framework\\src\\Illuminate\\Console\\Command.php(121): Symfony\\Component\\Console\\Command\\Command->run()
#5 C:\\xampp\\htdocs\\GKSys\\vendor\\symfony\\console\\Application.php(911): Illuminate\\Console\\Command->run()
#6 C:\\xampp\\htdocs\\GKSys\\vendor\\symfony\\console\\Application.php(264): Symfony\\Component\\Console\\Application->doRunCommand()
#7 C:\\xampp\\htdocs\\GKSys\\vendor\\symfony\\console\\Application.php(140): Symfony\\Component\\Console\\Application->doRun()
#8 C:\\xampp\\htdocs\\GKSys\\vendor\\laravel\\framework\\src\\Illuminate\\Console\\Application.php(93): Symfony\\Component\\Console\\Application->run()
#9 C:\\xampp\\htdocs\\GKSys\\vendor\\laravel\\framework\\src\\Illuminate\\Foundation\\Console\\Kernel.php(129): Illuminate\\Console\\Application->run()
#10 C:\\xampp\\htdocs\\GKSys\\artisan(37): Illuminate\\Foundation\\Console\\Kernel->handle()
#11 {main}
"} 
[2020-08-13 13:24:03] local.ERROR: Route [verification.verify] not defined. {"exception":"[object] (Symfony\\Component\\Routing\\Exception\\RouteNotFoundException(code: 0): Route [verification.verify] not defined. at C:\\xampp\\htdocs\\GKSys\\vendor\\laravel\\framework\\src\\Illuminate\\Routing\\UrlGenerator.php:420)
[stacktrace]
#0 C:\\xampp\\htdocs\\GKSys\\vendor\\laravel\\framework\\src\\Illuminate\\Routing\\UrlGenerator.php(340): Illuminate\\Routing\\UrlGenerator->route()
#1 C:\\xampp\\htdocs\\GKSys\\vendor\\laravel\\framework\\src\\Illuminate\\Routing\\UrlGenerator.php(355): Illuminate\\Routing\\UrlGenerator->signedRoute()
#2 C:\\xampp\\htdocs\\GKSys\\vendor\\laravel\\framework\\src\\Illuminate\\Support\\Facades\\Facade.php(261): Illuminate\\Routing\\UrlGenerator->temporarySignedRoute()
#3 C:\\xampp\\htdocs\\GKSys\\vendor\\laravel\\framework\\src\\Illuminate\\Auth\\Notifications\\VerifyEmail.php(66): Illuminate\\Support\\Facades\\Facade::__callStatic()
#4 C:\\xampp\\htdocs\\GKSys\\vendor\\laravel\\framework\\src\\Illuminate\\Auth\\Notifications\\VerifyEmail.php(40): Illuminate\\Auth\\Notifications\\VerifyEmail->verificationUrl()
#5 C:\\xampp\\htdocs\\GKSys\\vendor\\laravel\\framework\\src\\Illuminate\\Notifications\\Channels\\MailChannel.php(51): Illuminate\\Auth\\Notifications\\VerifyEmail->toMail()
#6 C:\\xampp\\htdocs\\GKSys\\vendor\\laravel\\framework\\src\\Illuminate\\Notifications\\NotificationSender.php(148): Illuminate\\Notifications\\Channels\\MailChannel->send()
#7 C:\\xampp\\htdocs\\GKSys\\vendor\\laravel\\framework\\src\\Illuminate\\Notifications\\NotificationSender.php(106): Illuminate\\Notifications\\NotificationSender->sendToNotifiable()
#8 C:\\xampp\\htdocs\\GKSys\\vendor\\laravel\\framework\\src\\Illuminate\\Support\\Traits\\Localizable.php(19): Illuminate\\Notifications\\NotificationSender->Illuminate\\Notifications\\{closure}()
#9 C:\\xampp\\htdocs\\GKSys\\vendor\\laravel\\framework\\src\\Illuminate\\Notifications\\NotificationSender.php(109): Illuminate\\Notifications\\NotificationSender->withLocale()
#10 C:\\xampp\\htdocs\\GKSys\\vendor\\laravel\\framework\\src\\Illuminate\\Notifications\\NotificationSender.php(79): Illuminate\\Notifications\\NotificationSender->sendNow()
#11 C:\\xampp\\htdocs\\GKSys\\vendor\\laravel\\framework\\src\\Illuminate\\Notifications\\ChannelManager.php(39): Illuminate\\Notifications\\NotificationSender->send()
#12 C:\\xampp\\htdocs\\GKSys\\vendor\\laravel\\framework\\src\\Illuminate\\Notifications\\RoutesNotifications.php(18): Illuminate\\Notifications\\ChannelManager->send()
#13 C:\\xampp\\htdocs\\GKSys\\vendor\\laravel\\framework\\src\\Illuminate\\Auth\\MustVerifyEmail.php(38): App\\User->notify()
#14 C:\\xampp\\htdocs\\GKSys\\vendor\\laravel\\framework\\src\\Illuminate\\Auth\\Listeners\\SendEmailVerificationNotification.php(19): Illuminate\\Foundation\\Auth\\User->sendEmailVerificationNotification()
#15 [internal function]: Illuminate\\Auth\\Listeners\\SendEmailVerificationNotification->handle()
#16 C:\\xampp\\htdocs\\GKSys\\vendor\\laravel\\framework\\src\\Illuminate\\Events\\Dispatcher.php(400): call_user_func_array()
#17 C:\\xampp\\htdocs\\GKSys\\vendor\\laravel\\framework\\src\\Illuminate\\Events\\Dispatcher.php(226): Illuminate\\Events\\Dispatcher->Illuminate\\Events\\{closure}()
#18 C:\\xampp\\htdocs\\GKSys\\vendor\\laravel\\framework\\src\\Illuminate\\Foundation\\helpers.php(476): Illuminate\\Events\\Dispatcher->dispatch()
#19 C:\\xampp\\htdocs\\GKSys\\vendor\\laravel\\ui\\auth-backend\\RegistersUsers.php(34): event()
#20 [internal function]: App\\Http\\Controllers\\Auth\\RegisterController->register()
#21 C:\\xampp\\htdocs\\GKSys\\vendor\\laravel\\framework\\src\\Illuminate\\Routing\\Controller.php(54): call_user_func_array()
#22 C:\\xampp\\htdocs\\GKSys\\vendor\\laravel\\framework\\src\\Illuminate\\Routing\\ControllerDispatcher.php(45): Illuminate\\Routing\\Controller->callAction()
#23 C:\\xampp\\htdocs\\GKSys\\vendor\\laravel\\framework\\src\\Illuminate\\Routing\\Route.php(239): Illuminate\\Routing\\ControllerDispatcher->dispatch()
#24 C:\\xampp\\htdocs\\GKSys\\vendor\\laravel\\framework\\src\\Illuminate\\Routing\\Route.php(196): Illuminate\\Routing\\Route->runController()
#25 C:\\xampp\\htdocs\\GKSys\\vendor\\laravel\\framework\\src\\Illuminate\\Routing\\Router.php(685): Illuminate\\Routing\\Route->run()
#26 C:\\xampp\\htdocs\\GKSys\\vendor\\laravel\\framework\\src\\Illuminate\\Pipeline\\Pipeline.php(128): Illuminate\\Routing\\Router->Illuminate\\Routing\\{closure}()
#27 C:\\xampp\\htdocs\\GKSys\\app\\Http\\Middleware\\RedirectIfAuthenticated.php(25): Illuminate\\Pipeline\\Pipeline->Illuminate\\Pipeline\\{closure}()
#28 C:\\xampp\\htdocs\\GKSys\\vendor\\laravel\\framework\\src\\Illuminate\\Pipeline\\Pipeline.php(167): App\\Http\\Middleware\\RedirectIfAuthenticated->handle()
#29 C:\\xampp\\htdocs\\GKSys\\vendor\\laravel\\framework\\src\\Illuminate\\Routing\\Middleware\\SubstituteBindings.php(41): Illuminate\\Pipeline\\Pipeline->Illuminate\\Pipeline\\{closure}()
#30 C:\\xampp\\htdocs\\GKSys\\vendor\\laravel\\framework\\src\\Illuminate\\Pipeline\\Pipeline.php(167): Illuminate\\Routing\\Middleware\\SubstituteBindings->handle()
#31 C:\\xampp\\htdocs\\GKSys\\vendor\\laravel\\framework\\src\\Illuminate\\Foundation\\Http\\Middleware\\VerifyCsrfToken.php(77): Illuminate\\Pipeline\\Pipeline->Illuminate\\Pipeline\\{closure}()
#32 C:\\xampp\\htdocs\\GKSys\\vendor\\laravel\\framework\\src\\Illuminate\\Pipeline\\Pipeline.php(167): Illuminate\\Foundation\\Http\\Middleware\\VerifyCsrfToken->handle()
#33 C:\\xampp\\htdocs\\GKSys\\vendor\\laravel\\framework\\src\\Illuminate\\View\\Middleware\\ShareErrorsFromSession.php(49): Illuminate\\Pipeline\\Pipeline->Illuminate\\Pipeline\\{closure}()
#34 C:\\xampp\\htdocs\\GKSys\\vendor\\laravel\\framework\\src\\Illuminate\\Pipeline\\Pipeline.php(167): Illuminate\\View\\Middleware\\ShareErrorsFromSession->handle()
#35 C:\\xampp\\htdocs\\GKSys\\vendor\\laravel\\framework\\src\\Illuminate\\Session\\Middleware\\StartSession.php(116): Illuminate\\Pipeline\\Pipeline->Illuminate\\Pipeline\\{closure}()
#36 C:\\xampp\\htdocs\\GKSys\\vendor\\laravel\\framework\\src\\Illuminate\\Session\\Middleware\\StartSession.php(62): Illuminate\\Session\\Middleware\\StartSession->handleStatefulRequest()
#37 C:\\xampp\\htdocs\\GKSys\\vendor\\laravel\\framework\\src\\Illuminate\\Pipeline\\Pipeline.php(167): Illuminate\\Session\\Middleware\\StartSession->handle()
#38 C:\\xampp\\htdocs\\GKSys\\vendor\\laravel\\framework\\src\\Illuminate\\Cookie\\Middleware\\AddQueuedCookiesToResponse.php(37): Illuminate\\Pipeline\\Pipeline->Illuminate\\Pipeline\\{closure}()
#39 C:\\xampp\\htdocs\\GKSys\\vendor\\laravel\\framework\\src\\Illuminate\\Pipeline\\Pipeline.php(167): Illuminate\\Cookie\\Middleware\\AddQueuedCookiesToResponse->handle()
#40 C:\\xampp\\htdocs\\GKSys\\vendor\\laravel\\framework\\src\\Illuminate\\Cookie\\Middleware\\EncryptCookies.php(67): Illuminate\\Pipeline\\Pipeline->Illuminate\\Pipeline\\{closure}()
#41 C:\\xampp\\htdocs\\GKSys\\vendor\\laravel\\framework\\src\\Illuminate\\Pipeline\\Pipeline.php(167): Illuminate\\Cookie\\Middleware\\EncryptCookies->handle()
#42 C:\\xampp\\htdocs\\GKSys\\vendor\\laravel\\framework\\src\\Illuminate\\Pipeline\\Pipeline.php(103): Illuminate\\Pipeline\\Pipeline->Illuminate\\Pipeline\\{closure}()
#43 C:\\xampp\\htdocs\\GKSys\\vendor\\laravel\\framework\\src\\Illuminate\\Routing\\Router.php(687): Illuminate\\Pipeline\\Pipeline->then()
#44 C:\\xampp\\htdocs\\GKSys\\vendor\\laravel\\framework\\src\\Illuminate\\Routing\\Router.php(662): Illuminate\\Routing\\Router->runRouteWithinStack()
#45 C:\\xampp\\htdocs\\GKSys\\vendor\\laravel\\framework\\src\\Illuminate\\Routing\\Router.php(628): Illuminate\\Routing\\Router->runRoute()
#46 C:\\xampp\\htdocs\\GKSys\\vendor\\laravel\\framework\\src\\Illuminate\\Routing\\Router.php(617): Illuminate\\Routing\\Router->dispatchToRoute()
#47 C:\\xampp\\htdocs\\GKSys\\vendor\\laravel\\framework\\src\\Illuminate\\Foundation\\Http\\Kernel.php(165): Illuminate\\Routing\\Router->dispatch()
#48 C:\\xampp\\htdocs\\GKSys\\vendor\\laravel\\framework\\src\\Illuminate\\Pipeline\\Pipeline.php(128): Illuminate\\Foundation\\Http\\Kernel->Illuminate\\Foundation\\Http\\{closure}()
#49 C:\\xampp\\htdocs\\GKSys\\vendor\\laravel\\framework\\src\\Illuminate\\Foundation\\Http\\Middleware\\TransformsRequest.php(21): Illuminate\\Pipeline\\Pipeline->Illuminate\\Pipeline\\{closure}()
#50 C:\\xampp\\htdocs\\GKSys\\vendor\\laravel\\framework\\src\\Illuminate\\Pipeline\\Pipeline.php(167): Illuminate\\Foundation\\Http\\Middleware\\TransformsRequest->handle()
#51 C:\\xampp\\htdocs\\GKSys\\vendor\\laravel\\framework\\src\\Illuminate\\Foundation\\Http\\Middleware\\TransformsRequest.php(21): Illuminate\\Pipeline\\Pipeline->Illuminate\\Pipeline\\{closure}()
#52 C:\\xampp\\htdocs\\GKSys\\vendor\\laravel\\framework\\src\\Illuminate\\Pipeline\\Pipeline.php(167): Illuminate\\Foundation\\Http\\Middleware\\TransformsRequest->handle()
#53 C:\\xampp\\htdocs\\GKSys\\vendor\\laravel\\framework\\src\\Illuminate\\Foundation\\Http\\Middleware\\ValidatePostSize.php(27): Illuminate\\Pipeline\\Pipeline->Illuminate\\Pipeline\\{closure}()
#54 C:\\xampp\\htdocs\\GKSys\\vendor\\laravel\\framework\\src\\Illuminate\\Pipeline\\Pipeline.php(167): Illuminate\\Foundation\\Http\\Middleware\\ValidatePostSize->handle()
#55 C:\\xampp\\htdocs\\GKSys\\vendor\\laravel\\framework\\src\\Illuminate\\Foundation\\Http\\Middleware\\CheckForMaintenanceMode.php(63): Illuminate\\Pipeline\\Pipeline->Illuminate\\Pipeline\\{closure}()
#56 C:\\xampp\\htdocs\\GKSys\\vendor\\laravel\\framework\\src\\Illuminate\\Pipeline\\Pipeline.php(167): Illuminate\\Foundation\\Http\\Middleware\\CheckForMaintenanceMode->handle()
#57 C:\\xampp\\htdocs\\GKSys\\vendor\\fruitcake\\laravel-cors\\src\\HandleCors.php(37): Illuminate\\Pipeline\\Pipeline->Illuminate\\Pipeline\\{closure}()
#58 C:\\xampp\\htdocs\\GKSys\\vendor\\laravel\\framework\\src\\Illuminate\\Pipeline\\Pipeline.php(167): Fruitcake\\Cors\\HandleCors->handle()
#59 C:\\xampp\\htdocs\\GKSys\\vendor\\fideloper\\proxy\\src\\TrustProxies.php(57): Illuminate\\Pipeline\\Pipeline->Illuminate\\Pipeline\\{closure}()
#60 C:\\xampp\\htdocs\\GKSys\\vendor\\laravel\\framework\\src\\Illuminate\\Pipeline\\Pipeline.php(167): Fideloper\\Proxy\\TrustProxies->handle()
#61 C:\\xampp\\htdocs\\GKSys\\vendor\\laravel\\framework\\src\\Illuminate\\Pipeline\\Pipeline.php(103): Illuminate\\Pipeline\\Pipeline->Illuminate\\Pipeline\\{closure}()
#62 C:\\xampp\\htdocs\\GKSys\\vendor\\laravel\\framework\\src\\Illuminate\\Foundation\\Http\\Kernel.php(140): Illuminate\\Pipeline\\Pipeline->then()
#63 C:\\xampp\\htdocs\\GKSys\\vendor\\laravel\\framework\\src\\Illuminate\\Foundation\\Http\\Kernel.php(109): Illuminate\\Foundation\\Http\\Kernel->sendRequestThroughRouter()
#64 C:\\xampp\\htdocs\\GKSys\\public\\index.php(55): Illuminate\\Foundation\\Http\\Kernel->handle()
#65 C:\\xampp\\htdocs\\GKSys\\server.php(21): require_once('C:\\\\xampp\\\\htdocs...')
#66 {main}
"} 
